<?xml version="1.0" encoding="UTF-8"?>
<!-- Generated by org.testng.reporters.JUnitReportReporter -->
<testsuite hostname="Con21" failures="0" tests="3" name="setup.TestRunner" time="47.576" errors="0" timestamp="2024-06-01T22:10:02 IST" skipped="0">
  <testcase classname="setup.TestRunner" name="runScenario" time="16.093"/>
  <testcase classname="setup.TestRunner" name="runScenario" time="13.899"/>
  <testcase classname="setup.TestRunner" name="runScenario" time="17.584"/>
</testsuite> <!-- setup.TestRunner -->
