<?xml version="1.0" encoding="UTF-8"?>
<!-- Generated by org.testng.reporters.JUnitReportReporter -->
<testsuite hostname="Con21" failures="0" tests="1" name="setup.TestRunner2" time="10.464" errors="0" timestamp="2024-06-01T22:17:25 IST" skipped="0">
  <testcase classname="setup.TestRunner2" name="runScenario" time="10.464"/>
</testsuite> <!-- setup.TestRunner2 -->
